  Game.cpp
LINK : warning LNK4075: ignoring '/INCREMENTAL' due to '/LTCG' specification
LINK : warning LNK4098: defaultlib 'LIBCMTD' conflicts with use of other libs; use /NODEFAULTLIB:library
  LINK : /LTCG specified but no code generation required; remove /LTCG from the link command line to improve linker performance
Engine__Debug_x86.lib(Game.obj) : warning LNK4099: PDB 'Engine_x86.pdb' was not found with 'Engine__Debug_x86.lib(Game.obj)' or at 'C:\Users\Lindsey\Documents\CODE\angry_birds\Builds\Debug (x86)\Engine_x86.pdb'; linking object as if no debug info
Engine__Debug_x86.lib(Input.obj) : warning LNK4099: PDB 'Engine_x86.pdb' was not found with 'Engine__Debug_x86.lib(Input.obj)' or at 'C:\Users\Lindsey\Documents\CODE\angry_birds\Builds\Debug (x86)\Engine_x86.pdb'; linking object as if no debug info
Engine__Debug_x86.lib(OGLGame.obj) : warning LNK4099: PDB 'Engine_x86.pdb' was not found with 'Engine__Debug_x86.lib(OGLGame.obj)' or at 'C:\Users\Lindsey\Documents\CODE\angry_birds\Builds\Debug (x86)\Engine_x86.pdb'; linking object as if no debug info
Engine__Debug_x86.lib(Renderer.obj) : warning LNK4099: PDB 'Engine_x86.pdb' was not found with 'Engine__Debug_x86.lib(Renderer.obj)' or at 'C:\Users\Lindsey\Documents\CODE\angry_birds\Builds\Debug (x86)\Engine_x86.pdb'; linking object as if no debug info
Engine__Debug_x86.lib(Sprite.obj) : warning LNK4099: PDB 'Engine_x86.pdb' was not found with 'Engine__Debug_x86.lib(Sprite.obj)' or at 'C:\Users\Lindsey\Documents\CODE\angry_birds\Builds\Debug (x86)\Engine_x86.pdb'; linking object as if no debug info
Engine__Debug_x86.lib(glew.obj) : warning LNK4099: PDB 'vc120.pdb' was not found with 'Engine__Debug_x86.lib(glew.obj)' or at 'C:\Users\Lindsey\Documents\CODE\angry_birds\Builds\Debug (x86)\vc120.pdb'; linking object as if no debug info
Engine__Debug_x86.lib(GLTextureCache.obj) : warning LNK4099: PDB 'GLRenderer_x86.pdb' was not found with 'Engine__Debug_x86.lib(GLTextureCache.obj)' or at 'C:\Users\Lindsey\Documents\CODE\angry_birds\Builds\Debug (x86)\GLRenderer_x86.pdb'; linking object as if no debug info
Engine__Debug_x86.lib(GLTexture.obj) : warning LNK4099: PDB 'GLRenderer_x86.pdb' was not found with 'Engine__Debug_x86.lib(GLTexture.obj)' or at 'C:\Users\Lindsey\Documents\CODE\angry_birds\Builds\Debug (x86)\GLRenderer_x86.pdb'; linking object as if no debug info
Engine__Debug_x86.lib(GLTextRenderer.obj) : warning LNK4099: PDB 'GLRenderer_x86.pdb' was not found with 'Engine__Debug_x86.lib(GLTextRenderer.obj)' or at 'C:\Users\Lindsey\Documents\CODE\angry_birds\Builds\Debug (x86)\GLRenderer_x86.pdb'; linking object as if no debug info
Engine__Debug_x86.lib(GLSpriteRenderer.obj) : warning LNK4099: PDB 'GLRenderer_x86.pdb' was not found with 'Engine__Debug_x86.lib(GLSpriteRenderer.obj)' or at 'C:\Users\Lindsey\Documents\CODE\angry_birds\Builds\Debug (x86)\GLRenderer_x86.pdb'; linking object as if no debug info
Engine__Debug_x86.lib(GLSpriteBatch.obj) : warning LNK4099: PDB 'GLRenderer_x86.pdb' was not found with 'Engine__Debug_x86.lib(GLSpriteBatch.obj)' or at 'C:\Users\Lindsey\Documents\CODE\angry_birds\Builds\Debug (x86)\GLRenderer_x86.pdb'; linking object as if no debug info
Engine__Debug_x86.lib(GLSprite.obj) : warning LNK4099: PDB 'GLRenderer_x86.pdb' was not found with 'Engine__Debug_x86.lib(GLSprite.obj)' or at 'C:\Users\Lindsey\Documents\CODE\angry_birds\Builds\Debug (x86)\GLRenderer_x86.pdb'; linking object as if no debug info
Engine__Debug_x86.lib(GLShader.obj) : warning LNK4099: PDB 'GLRenderer_x86.pdb' was not found with 'Engine__Debug_x86.lib(GLShader.obj)' or at 'C:\Users\Lindsey\Documents\CODE\angry_birds\Builds\Debug (x86)\GLRenderer_x86.pdb'; linking object as if no debug info
Engine__Debug_x86.lib(GLRenderer.obj) : warning LNK4099: PDB 'GLRenderer_x86.pdb' was not found with 'Engine__Debug_x86.lib(GLRenderer.obj)' or at 'C:\Users\Lindsey\Documents\CODE\angry_birds\Builds\Debug (x86)\GLRenderer_x86.pdb'; linking object as if no debug info
Engine__Debug_x86.lib(GLInput.obj) : warning LNK4099: PDB 'GLRenderer_x86.pdb' was not found with 'Engine__Debug_x86.lib(GLInput.obj)' or at 'C:\Users\Lindsey\Documents\CODE\angry_birds\Builds\Debug (x86)\GLRenderer_x86.pdb'; linking object as if no debug info
Engine__Debug_x86.lib(GLFontSet.obj) : warning LNK4099: PDB 'GLRenderer_x86.pdb' was not found with 'Engine__Debug_x86.lib(GLFontSet.obj)' or at 'C:\Users\Lindsey\Documents\CODE\angry_birds\Builds\Debug (x86)\GLRenderer_x86.pdb'; linking object as if no debug info
Engine__Debug_x86.lib(GLAtlas.obj) : warning LNK4099: PDB 'GLRenderer_x86.pdb' was not found with 'Engine__Debug_x86.lib(GLAtlas.obj)' or at 'C:\Users\Lindsey\Documents\CODE\angry_birds\Builds\Debug (x86)\GLRenderer_x86.pdb'; linking object as if no debug info
Engine__Debug_x86.lib(winfnt.obj) : warning LNK4099: PDB 'freetype265MTd.pdb' was not found with 'Engine__Debug_x86.lib(winfnt.obj)' or at 'C:\Users\Lindsey\Documents\CODE\angry_birds\Builds\Debug (x86)\freetype265MTd.pdb'; linking object as if no debug info
Engine__Debug_x86.lib(type42.obj) : warning LNK4099: PDB 'freetype265MTd.pdb' was not found with 'Engine__Debug_x86.lib(type42.obj)' or at 'C:\Users\Lindsey\Documents\CODE\angry_birds\Builds\Debug (x86)\freetype265MTd.pdb'; linking object as if no debug info
Engine__Debug_x86.lib(type1cid.obj) : warning LNK4099: PDB 'freetype265MTd.pdb' was not found with 'Engine__Debug_x86.lib(type1cid.obj)' or at 'C:\Users\Lindsey\Documents\CODE\angry_birds\Builds\Debug (x86)\freetype265MTd.pdb'; linking object as if no debug info
Engine__Debug_x86.lib(type1.obj) : warning LNK4099: PDB 'freetype265MTd.pdb' was not found with 'Engine__Debug_x86.lib(type1.obj)' or at 'C:\Users\Lindsey\Documents\CODE\angry_birds\Builds\Debug (x86)\freetype265MTd.pdb'; linking object as if no debug info
Engine__Debug_x86.lib(truetype.obj) : warning LNK4099: PDB 'freetype265MTd.pdb' was not found with 'Engine__Debug_x86.lib(truetype.obj)' or at 'C:\Users\Lindsey\Documents\CODE\angry_birds\Builds\Debug (x86)\freetype265MTd.pdb'; linking object as if no debug info
Engine__Debug_x86.lib(sfnt.obj) : warning LNK4099: PDB 'freetype265MTd.pdb' was not found with 'Engine__Debug_x86.lib(sfnt.obj)' or at 'C:\Users\Lindsey\Documents\CODE\angry_birds\Builds\Debug (x86)\freetype265MTd.pdb'; linking object as if no debug info
Engine__Debug_x86.lib(raster.obj) : warning LNK4099: PDB 'freetype265MTd.pdb' was not found with 'Engine__Debug_x86.lib(raster.obj)' or at 'C:\Users\Lindsey\Documents\CODE\angry_birds\Builds\Debug (x86)\freetype265MTd.pdb'; linking object as if no debug info
Engine__Debug_x86.lib(psmodule.obj) : warning LNK4099: PDB 'freetype265MTd.pdb' was not found with 'Engine__Debug_x86.lib(psmodule.obj)' or at 'C:\Users\Lindsey\Documents\CODE\angry_birds\Builds\Debug (x86)\freetype265MTd.pdb'; linking object as if no debug info
Engine__Debug_x86.lib(pshinter.obj) : warning LNK4099: PDB 'freetype265MTd.pdb' was not found with 'Engine__Debug_x86.lib(pshinter.obj)' or at 'C:\Users\Lindsey\Documents\CODE\angry_birds\Builds\Debug (x86)\freetype265MTd.pdb'; linking object as if no debug info
Engine__Debug_x86.lib(psaux.obj) : warning LNK4099: PDB 'freetype265MTd.pdb' was not found with 'Engine__Debug_x86.lib(psaux.obj)' or at 'C:\Users\Lindsey\Documents\CODE\angry_birds\Builds\Debug (x86)\freetype265MTd.pdb'; linking object as if no debug info
Engine__Debug_x86.lib(pfr.obj) : warning LNK4099: PDB 'freetype265MTd.pdb' was not found with 'Engine__Debug_x86.lib(pfr.obj)' or at 'C:\Users\Lindsey\Documents\CODE\angry_birds\Builds\Debug (x86)\freetype265MTd.pdb'; linking object as if no debug info
Engine__Debug_x86.lib(pcf.obj) : warning LNK4099: PDB 'freetype265MTd.pdb' was not found with 'Engine__Debug_x86.lib(pcf.obj)' or at 'C:\Users\Lindsey\Documents\CODE\angry_birds\Builds\Debug (x86)\freetype265MTd.pdb'; linking object as if no debug info
Engine__Debug_x86.lib(smooth.obj) : warning LNK4099: PDB 'freetype265MTd.pdb' was not found with 'Engine__Debug_x86.lib(smooth.obj)' or at 'C:\Users\Lindsey\Documents\CODE\angry_birds\Builds\Debug (x86)\freetype265MTd.pdb'; linking object as if no debug info
Engine__Debug_x86.lib(ftsystem.obj) : warning LNK4099: PDB 'freetype265MTd.pdb' was not found with 'Engine__Debug_x86.lib(ftsystem.obj)' or at 'C:\Users\Lindsey\Documents\CODE\angry_birds\Builds\Debug (x86)\freetype265MTd.pdb'; linking object as if no debug info
Engine__Debug_x86.lib(ftlzw.obj) : warning LNK4099: PDB 'freetype265MTd.pdb' was not found with 'Engine__Debug_x86.lib(ftlzw.obj)' or at 'C:\Users\Lindsey\Documents\CODE\angry_birds\Builds\Debug (x86)\freetype265MTd.pdb'; linking object as if no debug info
Engine__Debug_x86.lib(ftinit.obj) : warning LNK4099: PDB 'freetype265MTd.pdb' was not found with 'Engine__Debug_x86.lib(ftinit.obj)' or at 'C:\Users\Lindsey\Documents\CODE\angry_birds\Builds\Debug (x86)\freetype265MTd.pdb'; linking object as if no debug info
Engine__Debug_x86.lib(ftgzip.obj) : warning LNK4099: PDB 'freetype265MTd.pdb' was not found with 'Engine__Debug_x86.lib(ftgzip.obj)' or at 'C:\Users\Lindsey\Documents\CODE\angry_birds\Builds\Debug (x86)\freetype265MTd.pdb'; linking object as if no debug info
Engine__Debug_x86.lib(ftdebug.obj) : warning LNK4099: PDB 'freetype265MTd.pdb' was not found with 'Engine__Debug_x86.lib(ftdebug.obj)' or at 'C:\Users\Lindsey\Documents\CODE\angry_birds\Builds\Debug (x86)\freetype265MTd.pdb'; linking object as if no debug info
Engine__Debug_x86.lib(ftbitmap.obj) : warning LNK4099: PDB 'freetype265MTd.pdb' was not found with 'Engine__Debug_x86.lib(ftbitmap.obj)' or at 'C:\Users\Lindsey\Documents\CODE\angry_birds\Builds\Debug (x86)\freetype265MTd.pdb'; linking object as if no debug info
Engine__Debug_x86.lib(ftbase.obj) : warning LNK4099: PDB 'freetype265MTd.pdb' was not found with 'Engine__Debug_x86.lib(ftbase.obj)' or at 'C:\Users\Lindsey\Documents\CODE\angry_birds\Builds\Debug (x86)\freetype265MTd.pdb'; linking object as if no debug info
Engine__Debug_x86.lib(cff.obj) : warning LNK4099: PDB 'freetype265MTd.pdb' was not found with 'Engine__Debug_x86.lib(cff.obj)' or at 'C:\Users\Lindsey\Documents\CODE\angry_birds\Builds\Debug (x86)\freetype265MTd.pdb'; linking object as if no debug info
Engine__Debug_x86.lib(bdf.obj) : warning LNK4099: PDB 'freetype265MTd.pdb' was not found with 'Engine__Debug_x86.lib(bdf.obj)' or at 'C:\Users\Lindsey\Documents\CODE\angry_birds\Builds\Debug (x86)\freetype265MTd.pdb'; linking object as if no debug info
Engine__Debug_x86.lib(autofit.obj) : warning LNK4099: PDB 'freetype265MTd.pdb' was not found with 'Engine__Debug_x86.lib(autofit.obj)' or at 'C:\Users\Lindsey\Documents\CODE\angry_birds\Builds\Debug (x86)\freetype265MTd.pdb'; linking object as if no debug info
  Breakout.vcxproj -> C:\Users\Lindsey\Documents\CODE\angry_birds\Projects\..\Builds\Debug (x86)\AngryBirds.exe
  Breakout.vcxproj -> C:\Users\Lindsey\Documents\CODE\angry_birds\Projects\..\Builds\Debug (x86)\AngryBirds.pdb (Partial PDB)
  C:\Users\Lindsey\Documents\CODE\angry_birds\Resources\Textures\puzzlepack\preview.jpg -> C:\Users\Lindsey\Documents\CODE\angry_birds\Builds\Debug (x86)\Resources\Textures\puzzlepack\preview.jpg
  C:\Users\Lindsey\Documents\CODE\angry_birds\Resources\Textures\puzzlepack\puzzleGraphics.ai -> C:\Users\Lindsey\Documents\CODE\angry_birds\Builds\Debug (x86)\Resources\Textures\puzzlepack\puzzleGraphics.ai
  C:\Users\Lindsey\Documents\CODE\angry_birds\Resources\Textures\puzzlepack\puzzleGraphics.svg -> C:\Users\Lindsey\Documents\CODE\angry_birds\Builds\Debug (x86)\Resources\Textures\puzzlepack\puzzleGraphics.svg
  C:\Users\Lindsey\Documents\CODE\angry_birds\Resources\Textures\puzzlepack\puzzleGraphics.swf -> C:\Users\Lindsey\Documents\CODE\angry_birds\Builds\Debug (x86)\Resources\Textures\puzzlepack\puzzleGraphics.swf
  C:\Users\Lindsey\Documents\CODE\angry_birds\Resources\Textures\puzzlepack\readme.txt -> C:\Users\Lindsey\Documents\CODE\angry_birds\Builds\Debug (x86)\Resources\Textures\puzzlepack\readme.txt
  C:\Users\Lindsey\Documents\CODE\angry_birds\Resources\Textures\puzzlepack\sample.jpg -> C:\Users\Lindsey\Documents\CODE\angry_birds\Builds\Debug (x86)\Resources\Textures\puzzlepack\sample.jpg
  C:\Users\Lindsey\Documents\CODE\angry_birds\Resources\Textures\puzzlepack\png\ballBlue.png -> C:\Users\Lindsey\Documents\CODE\angry_birds\Builds\Debug (x86)\Resources\Textures\puzzlepack\png\ballBlue.png
  C:\Users\Lindsey\Documents\CODE\angry_birds\Resources\Textures\puzzlepack\png\ballGrey.png -> C:\Users\Lindsey\Documents\CODE\angry_birds\Builds\Debug (x86)\Resources\Textures\puzzlepack\png\ballGrey.png
  C:\Users\Lindsey\Documents\CODE\angry_birds\Resources\Textures\puzzlepack\png\buttonDefault.png -> C:\Users\Lindsey\Documents\CODE\angry_birds\Builds\Debug (x86)\Resources\Textures\puzzlepack\png\buttonDefault.png
  C:\Users\Lindsey\Documents\CODE\angry_birds\Resources\Textures\puzzlepack\png\buttonDefault_bottom.png -> C:\Users\Lindsey\Documents\CODE\angry_birds\Builds\Debug (x86)\Resources\Textures\puzzlepack\png\buttonDefault_bottom.png
  C:\Users\Lindsey\Documents\CODE\angry_birds\Resources\Textures\puzzlepack\png\buttonDefault_bottomleft.png -> C:\Users\Lindsey\Documents\CODE\angry_birds\Builds\Debug (x86)\Resources\Textures\puzzlepack\png\buttonDefault_bottomleft.png
  C:\Users\Lindsey\Documents\CODE\angry_birds\Resources\Textures\puzzlepack\png\buttonDefault_bottomright.png -> C:\Users\Lindsey\Documents\CODE\angry_birds\Builds\Debug (x86)\Resources\Textures\puzzlepack\png\buttonDefault_bottomright.png
  C:\Users\Lindsey\Documents\CODE\angry_birds\Resources\Textures\puzzlepack\png\buttonDefault_left.png -> C:\Users\Lindsey\Documents\CODE\angry_birds\Builds\Debug (x86)\Resources\Textures\puzzlepack\png\buttonDefault_left.png
  C:\Users\Lindsey\Documents\CODE\angry_birds\Resources\Textures\puzzlepack\png\buttonDefault_mid.png -> C:\Users\Lindsey\Documents\CODE\angry_birds\Builds\Debug (x86)\Resources\Textures\puzzlepack\png\buttonDefault_mid.png
  C:\Users\Lindsey\Documents\CODE\angry_birds\Resources\Textures\puzzlepack\png\buttonDefault_right.png -> C:\Users\Lindsey\Documents\CODE\angry_birds\Builds\Debug (x86)\Resources\Textures\puzzlepack\png\buttonDefault_right.png
  C:\Users\Lindsey\Documents\CODE\angry_birds\Resources\Textures\puzzlepack\png\buttonDefault_top.png -> C:\Users\Lindsey\Documents\CODE\angry_birds\Builds\Debug (x86)\Resources\Textures\puzzlepack\png\buttonDefault_top.png
  C:\Users\Lindsey\Documents\CODE\angry_birds\Resources\Textures\puzzlepack\png\buttonDefault_topleft.png -> C:\Users\Lindsey\Documents\CODE\angry_birds\Builds\Debug (x86)\Resources\Textures\puzzlepack\png\buttonDefault_topleft.png
  C:\Users\Lindsey\Documents\CODE\angry_birds\Resources\Textures\puzzlepack\png\buttonDefault_topright.png -> C:\Users\Lindsey\Documents\CODE\angry_birds\Builds\Debug (x86)\Resources\Textures\puzzlepack\png\buttonDefault_topright.png
  C:\Users\Lindsey\Documents\CODE\angry_birds\Resources\Textures\puzzlepack\png\buttonSelected.png -> C:\Users\Lindsey\Documents\CODE\angry_birds\Builds\Debug (x86)\Resources\Textures\puzzlepack\png\buttonSelected.png
  C:\Users\Lindsey\Documents\CODE\angry_birds\Resources\Textures\puzzlepack\png\buttonSelected_bottom.png -> C:\Users\Lindsey\Documents\CODE\angry_birds\Builds\Debug (x86)\Resources\Textures\puzzlepack\png\buttonSelected_bottom.png
  C:\Users\Lindsey\Documents\CODE\angry_birds\Resources\Textures\puzzlepack\png\buttonSelected_bottomleft.png -> C:\Users\Lindsey\Documents\CODE\angry_birds\Builds\Debug (x86)\Resources\Textures\puzzlepack\png\buttonSelected_bottomleft.png
  C:\Users\Lindsey\Documents\CODE\angry_birds\Resources\Textures\puzzlepack\png\buttonSelected_bottomright.png -> C:\Users\Lindsey\Documents\CODE\angry_birds\Builds\Debug (x86)\Resources\Textures\puzzlepack\png\buttonSelected_bottomright.png
  C:\Users\Lindsey\Documents\CODE\angry_birds\Resources\Textures\puzzlepack\png\buttonSelected_left.png -> C:\Users\Lindsey\Documents\CODE\angry_birds\Builds\Debug (x86)\Resources\Textures\puzzlepack\png\buttonSelected_left.png
  C:\Users\Lindsey\Documents\CODE\angry_birds\Resources\Textures\puzzlepack\png\buttonSelected_mid.png -> C:\Users\Lindsey\Documents\CODE\angry_birds\Builds\Debug (x86)\Resources\Textures\puzzlepack\png\buttonSelected_mid.png
  C:\Users\Lindsey\Documents\CODE\angry_birds\Resources\Textures\puzzlepack\png\buttonSelected_right.png -> C:\Users\Lindsey\Documents\CODE\angry_birds\Builds\Debug (x86)\Resources\Textures\puzzlepack\png\buttonSelected_right.png
  C:\Users\Lindsey\Documents\CODE\angry_birds\Resources\Textures\puzzlepack\png\buttonSelected_top.png -> C:\Users\Lindsey\Documents\CODE\angry_birds\Builds\Debug (x86)\Resources\Textures\puzzlepack\png\buttonSelected_top.png
  C:\Users\Lindsey\Documents\CODE\angry_birds\Resources\Textures\puzzlepack\png\buttonSelected_topleft.png -> C:\Users\Lindsey\Documents\CODE\angry_birds\Builds\Debug (x86)\Resources\Textures\puzzlepack\png\buttonSelected_topleft.png
  C:\Users\Lindsey\Documents\CODE\angry_birds\Resources\Textures\puzzlepack\png\buttonSelected_topright.png -> C:\Users\Lindsey\Documents\CODE\angry_birds\Builds\Debug (x86)\Resources\Textures\puzzlepack\png\buttonSelected_topright.png
  C:\Users\Lindsey\Documents\CODE\angry_birds\Resources\Textures\puzzlepack\png\element_blue_diamond.png -> C:\Users\Lindsey\Documents\CODE\angry_birds\Builds\Debug (x86)\Resources\Textures\puzzlepack\png\element_blue_diamond.png
  C:\Users\Lindsey\Documents\CODE\angry_birds\Resources\Textures\puzzlepack\png\element_blue_diamond_glossy.png -> C:\Users\Lindsey\Documents\CODE\angry_birds\Builds\Debug (x86)\Resources\Textures\puzzlepack\png\element_blue_diamond_glossy.png
  C:\Users\Lindsey\Documents\CODE\angry_birds\Resources\Textures\puzzlepack\png\element_blue_polygon.png -> C:\Users\Lindsey\Documents\CODE\angry_birds\Builds\Debug (x86)\Resources\Textures\puzzlepack\png\element_blue_polygon.png
  C:\Users\Lindsey\Documents\CODE\angry_birds\Resources\Textures\puzzlepack\png\element_blue_polygon_glossy.png -> C:\Users\Lindsey\Documents\CODE\angry_birds\Builds\Debug (x86)\Resources\Textures\puzzlepack\png\element_blue_polygon_glossy.png
  C:\Users\Lindsey\Documents\CODE\angry_birds\Resources\Textures\puzzlepack\png\element_blue_rectangle.png -> C:\Users\Lindsey\Documents\CODE\angry_birds\Builds\Debug (x86)\Resources\Textures\puzzlepack\png\element_blue_rectangle.png
  C:\Users\Lindsey\Documents\CODE\angry_birds\Resources\Textures\puzzlepack\png\element_blue_rectangle_glossy.png -> C:\Users\Lindsey\Documents\CODE\angry_birds\Builds\Debug (x86)\Resources\Textures\puzzlepack\png\element_blue_rectangle_glossy.png
  C:\Users\Lindsey\Documents\CODE\angry_birds\Resources\Textures\puzzlepack\png\element_blue_square.png -> C:\Users\Lindsey\Documents\CODE\angry_birds\Builds\Debug (x86)\Resources\Textures\puzzlepack\png\element_blue_square.png
  C:\Users\Lindsey\Documents\CODE\angry_birds\Resources\Textures\puzzlepack\png\element_blue_square_glossy.png -> C:\Users\Lindsey\Documents\CODE\angry_birds\Builds\Debug (x86)\Resources\Textures\puzzlepack\png\element_blue_square_glossy.png
  C:\Users\Lindsey\Documents\CODE\angry_birds\Resources\Textures\puzzlepack\png\element_green_diamond.png -> C:\Users\Lindsey\Documents\CODE\angry_birds\Builds\Debug (x86)\Resources\Textures\puzzlepack\png\element_green_diamond.png
  C:\Users\Lindsey\Documents\CODE\angry_birds\Resources\Textures\puzzlepack\png\element_green_diamond_glossy.png -> C:\Users\Lindsey\Documents\CODE\angry_birds\Builds\Debug (x86)\Resources\Textures\puzzlepack\png\element_green_diamond_glossy.png
  C:\Users\Lindsey\Documents\CODE\angry_birds\Resources\Textures\puzzlepack\png\element_green_polygon.png -> C:\Users\Lindsey\Documents\CODE\angry_birds\Builds\Debug (x86)\Resources\Textures\puzzlepack\png\element_green_polygon.png
  C:\Users\Lindsey\Documents\CODE\angry_birds\Resources\Textures\puzzlepack\png\element_green_polygon_glossy.png -> C:\Users\Lindsey\Documents\CODE\angry_birds\Builds\Debug (x86)\Resources\Textures\puzzlepack\png\element_green_polygon_glossy.png
  C:\Users\Lindsey\Documents\CODE\angry_birds\Resources\Textures\puzzlepack\png\element_green_rectangle.png -> C:\Users\Lindsey\Documents\CODE\angry_birds\Builds\Debug (x86)\Resources\Textures\puzzlepack\png\element_green_rectangle.png
  C:\Users\Lindsey\Documents\CODE\angry_birds\Resources\Textures\puzzlepack\png\element_green_rectangle_glossy.png -> C:\Users\Lindsey\Documents\CODE\angry_birds\Builds\Debug (x86)\Resources\Textures\puzzlepack\png\element_green_rectangle_glossy.png
  C:\Users\Lindsey\Documents\CODE\angry_birds\Resources\Textures\puzzlepack\png\element_green_square.png -> C:\Users\Lindsey\Documents\CODE\angry_birds\Builds\Debug (x86)\Resources\Textures\puzzlepack\png\element_green_square.png
  C:\Users\Lindsey\Documents\CODE\angry_birds\Resources\Textures\puzzlepack\png\element_green_square_glossy.png -> C:\Users\Lindsey\Documents\CODE\angry_birds\Builds\Debug (x86)\Resources\Textures\puzzlepack\png\element_green_square_glossy.png
  C:\Users\Lindsey\Documents\CODE\angry_birds\Resources\Textures\puzzlepack\png\element_grey_diamond.png -> C:\Users\Lindsey\Documents\CODE\angry_birds\Builds\Debug (x86)\Resources\Textures\puzzlepack\png\element_grey_diamond.png
  C:\Users\Lindsey\Documents\CODE\angry_birds\Resources\Textures\puzzlepack\png\element_grey_diamond_glossy.png -> C:\Users\Lindsey\Documents\CODE\angry_birds\Builds\Debug (x86)\Resources\Textures\puzzlepack\png\element_grey_diamond_glossy.png
  C:\Users\Lindsey\Documents\CODE\angry_birds\Resources\Textures\puzzlepack\png\element_grey_polygon.png -> C:\Users\Lindsey\Documents\CODE\angry_birds\Builds\Debug (x86)\Resources\Textures\puzzlepack\png\element_grey_polygon.png
  C:\Users\Lindsey\Documents\CODE\angry_birds\Resources\Textures\puzzlepack\png\element_grey_polygon_glossy.png -> C:\Users\Lindsey\Documents\CODE\angry_birds\Builds\Debug (x86)\Resources\Textures\puzzlepack\png\element_grey_polygon_glossy.png
  C:\Users\Lindsey\Documents\CODE\angry_birds\Resources\Textures\puzzlepack\png\element_grey_rectangle.png -> C:\Users\Lindsey\Documents\CODE\angry_birds\Builds\Debug (x86)\Resources\Textures\puzzlepack\png\element_grey_rectangle.png
  C:\Users\Lindsey\Documents\CODE\angry_birds\Resources\Textures\puzzlepack\png\element_grey_rectangle_glossy.png -> C:\Users\Lindsey\Documents\CODE\angry_birds\Builds\Debug (x86)\Resources\Textures\puzzlepack\png\element_grey_rectangle_glossy.png
  C:\Users\Lindsey\Documents\CODE\angry_birds\Resources\Textures\puzzlepack\png\element_grey_square.png -> C:\Users\Lindsey\Documents\CODE\angry_birds\Builds\Debug (x86)\Resources\Textures\puzzlepack\png\element_grey_square.png
  C:\Users\Lindsey\Documents\CODE\angry_birds\Resources\Textures\puzzlepack\png\element_grey_square_glossy.png -> C:\Users\Lindsey\Documents\CODE\angry_birds\Builds\Debug (x86)\Resources\Textures\puzzlepack\png\element_grey_square_glossy.png
  C:\Users\Lindsey\Documents\CODE\angry_birds\Resources\Textures\puzzlepack\png\element_purple_cube_glossy.png -> C:\Users\Lindsey\Documents\CODE\angry_birds\Builds\Debug (x86)\Resources\Textures\puzzlepack\png\element_purple_cube_glossy.png
  C:\Users\Lindsey\Documents\CODE\angry_birds\Resources\Textures\puzzlepack\png\element_purple_diamond.png -> C:\Users\Lindsey\Documents\CODE\angry_birds\Builds\Debug (x86)\Resources\Textures\puzzlepack\png\element_purple_diamond.png
  C:\Users\Lindsey\Documents\CODE\angry_birds\Resources\Textures\puzzlepack\png\element_purple_diamond_glossy.png -> C:\Users\Lindsey\Documents\CODE\angry_birds\Builds\Debug (x86)\Resources\Textures\puzzlepack\png\element_purple_diamond_glossy.png
  C:\Users\Lindsey\Documents\CODE\angry_birds\Resources\Textures\puzzlepack\png\element_purple_polygon.png -> C:\Users\Lindsey\Documents\CODE\angry_birds\Builds\Debug (x86)\Resources\Textures\puzzlepack\png\element_purple_polygon.png
  C:\Users\Lindsey\Documents\CODE\angry_birds\Resources\Textures\puzzlepack\png\element_purple_polygon_glossy.png -> C:\Users\Lindsey\Documents\CODE\angry_birds\Builds\Debug (x86)\Resources\Textures\puzzlepack\png\element_purple_polygon_glossy.png
  C:\Users\Lindsey\Documents\CODE\angry_birds\Resources\Textures\puzzlepack\png\element_purple_rectangle.png -> C:\Users\Lindsey\Documents\CODE\angry_birds\Builds\Debug (x86)\Resources\Textures\puzzlepack\png\element_purple_rectangle.png
  C:\Users\Lindsey\Documents\CODE\angry_birds\Resources\Textures\puzzlepack\png\element_purple_rectangle_glossy.png -> C:\Users\Lindsey\Documents\CODE\angry_birds\Builds\Debug (x86)\Resources\Textures\puzzlepack\png\element_purple_rectangle_glossy.png
  C:\Users\Lindsey\Documents\CODE\angry_birds\Resources\Textures\puzzlepack\png\element_purple_square.png -> C:\Users\Lindsey\Documents\CODE\angry_birds\Builds\Debug (x86)\Resources\Textures\puzzlepack\png\element_purple_square.png
  C:\Users\Lindsey\Documents\CODE\angry_birds\Resources\Textures\puzzlepack\png\element_red_diamond.png -> C:\Users\Lindsey\Documents\CODE\angry_birds\Builds\Debug (x86)\Resources\Textures\puzzlepack\png\element_red_diamond.png
  C:\Users\Lindsey\Documents\CODE\angry_birds\Resources\Textures\puzzlepack\png\element_red_diamond_glossy.png -> C:\Users\Lindsey\Documents\CODE\angry_birds\Builds\Debug (x86)\Resources\Textures\puzzlepack\png\element_red_diamond_glossy.png
  C:\Users\Lindsey\Documents\CODE\angry_birds\Resources\Textures\puzzlepack\png\element_red_polygon.png -> C:\Users\Lindsey\Documents\CODE\angry_birds\Builds\Debug (x86)\Resources\Textures\puzzlepack\png\element_red_polygon.png
  C:\Users\Lindsey\Documents\CODE\angry_birds\Resources\Textures\puzzlepack\png\element_red_polygon_glossy.png -> C:\Users\Lindsey\Documents\CODE\angry_birds\Builds\Debug (x86)\Resources\Textures\puzzlepack\png\element_red_polygon_glossy.png
  C:\Users\Lindsey\Documents\CODE\angry_birds\Resources\Textures\puzzlepack\png\element_red_rectangle.png -> C:\Users\Lindsey\Documents\CODE\angry_birds\Builds\Debug (x86)\Resources\Textures\puzzlepack\png\element_red_rectangle.png
  C:\Users\Lindsey\Documents\CODE\angry_birds\Resources\Textures\puzzlepack\png\element_red_rectangle_glossy.png -> C:\Users\Lindsey\Documents\CODE\angry_birds\Builds\Debug (x86)\Resources\Textures\puzzlepack\png\element_red_rectangle_glossy.png
  C:\Users\Lindsey\Documents\CODE\angry_birds\Resources\Textures\puzzlepack\png\element_red_square.png -> C:\Users\Lindsey\Documents\CODE\angry_birds\Builds\Debug (x86)\Resources\Textures\puzzlepack\png\element_red_square.png
  C:\Users\Lindsey\Documents\CODE\angry_birds\Resources\Textures\puzzlepack\png\element_red_square_glossy.png -> C:\Users\Lindsey\Documents\CODE\angry_birds\Builds\Debug (x86)\Resources\Textures\puzzlepack\png\element_red_square_glossy.png
  C:\Users\Lindsey\Documents\CODE\angry_birds\Resources\Textures\puzzlepack\png\element_yellow_diamond.png -> C:\Users\Lindsey\Documents\CODE\angry_birds\Builds\Debug (x86)\Resources\Textures\puzzlepack\png\element_yellow_diamond.png
  C:\Users\Lindsey\Documents\CODE\angry_birds\Resources\Textures\puzzlepack\png\element_yellow_diamond_glossy.png -> C:\Users\Lindsey\Documents\CODE\angry_birds\Builds\Debug (x86)\Resources\Textures\puzzlepack\png\element_yellow_diamond_glossy.png
  C:\Users\Lindsey\Documents\CODE\angry_birds\Resources\Textures\puzzlepack\png\element_yellow_polygon.png -> C:\Users\Lindsey\Documents\CODE\angry_birds\Builds\Debug (x86)\Resources\Textures\puzzlepack\png\element_yellow_polygon.png
  C:\Users\Lindsey\Documents\CODE\angry_birds\Resources\Textures\puzzlepack\png\element_yellow_polygon_glossy.png -> C:\Users\Lindsey\Documents\CODE\angry_birds\Builds\Debug (x86)\Resources\Textures\puzzlepack\png\element_yellow_polygon_glossy.png
  C:\Users\Lindsey\Documents\CODE\angry_birds\Resources\Textures\puzzlepack\png\element_yellow_rectangle.png -> C:\Users\Lindsey\Documents\CODE\angry_birds\Builds\Debug (x86)\Resources\Textures\puzzlepack\png\element_yellow_rectangle.png
  C:\Users\Lindsey\Documents\CODE\angry_birds\Resources\Textures\puzzlepack\png\element_yellow_rectangle_glossy.png -> C:\Users\Lindsey\Documents\CODE\angry_birds\Builds\Debug (x86)\Resources\Textures\puzzlepack\png\element_yellow_rectangle_glossy.png
  C:\Users\Lindsey\Documents\CODE\angry_birds\Resources\Textures\puzzlepack\png\element_yellow_square.png -> C:\Users\Lindsey\Documents\CODE\angry_birds\Builds\Debug (x86)\Resources\Textures\puzzlepack\png\element_yellow_square.png
  C:\Users\Lindsey\Documents\CODE\angry_birds\Resources\Textures\puzzlepack\png\element_yellow_square_glossy.png -> C:\Users\Lindsey\Documents\CODE\angry_birds\Builds\Debug (x86)\Resources\Textures\puzzlepack\png\element_yellow_square_glossy.png
  C:\Users\Lindsey\Documents\CODE\angry_birds\Resources\Textures\puzzlepack\png\paddleBlue.png -> C:\Users\Lindsey\Documents\CODE\angry_birds\Builds\Debug (x86)\Resources\Textures\puzzlepack\png\paddleBlue.png
  C:\Users\Lindsey\Documents\CODE\angry_birds\Resources\Textures\puzzlepack\png\paddleRed.png -> C:\Users\Lindsey\Documents\CODE\angry_birds\Builds\Debug (x86)\Resources\Textures\puzzlepack\png\paddleRed.png
  C:\Users\Lindsey\Documents\CODE\angry_birds\Resources\Textures\puzzlepack\png\particleCartoonStar.png -> C:\Users\Lindsey\Documents\CODE\angry_birds\Builds\Debug (x86)\Resources\Textures\puzzlepack\png\particleCartoonStar.png
  C:\Users\Lindsey\Documents\CODE\angry_birds\Resources\Textures\puzzlepack\png\particleSmallStar.png -> C:\Users\Lindsey\Documents\CODE\angry_birds\Builds\Debug (x86)\Resources\Textures\puzzlepack\png\particleSmallStar.png
  C:\Users\Lindsey\Documents\CODE\angry_birds\Resources\Textures\puzzlepack\png\particleStar.png -> C:\Users\Lindsey\Documents\CODE\angry_birds\Builds\Debug (x86)\Resources\Textures\puzzlepack\png\particleStar.png
  C:\Users\Lindsey\Documents\CODE\angry_birds\Resources\Textures\puzzlepack\png\selectorA.png -> C:\Users\Lindsey\Documents\CODE\angry_birds\Builds\Debug (x86)\Resources\Textures\puzzlepack\png\selectorA.png
  C:\Users\Lindsey\Documents\CODE\angry_birds\Resources\Textures\puzzlepack\png\selectorB.png -> C:\Users\Lindsey\Documents\CODE\angry_birds\Builds\Debug (x86)\Resources\Textures\puzzlepack\png\selectorB.png
  C:\Users\Lindsey\Documents\CODE\angry_birds\Resources\Textures\puzzlepack\png\selectorC.png -> C:\Users\Lindsey\Documents\CODE\angry_birds\Builds\Debug (x86)\Resources\Textures\puzzlepack\png\selectorC.png
  84 File(s) copied
